2013/09/16 19:46:19 [error] [php] Illegal string offset 'label' (/var/www/yii/framework/zii/widgets/CMenu.php:268)
Stack trace:
#0 /var/www/yii/framework/web/CBaseController.php(172): UsersController->createWidget()
#1 /var/www/gallery_app/themes/wpcraft/views/layouts/main.php(40): UsersController->widget()
#2 /var/www/yii/framework/web/CBaseController.php(126): require()
#3 /var/www/yii/framework/web/CBaseController.php(95): UsersController->renderInternal()
#4 /var/www/yii/framework/web/widgets/CContentDecorator.php(76): UsersController->renderFile()
#5 /var/www/yii/framework/web/widgets/CContentDecorator.php(54): CContentDecorator->decorate()
#6 /var/www/yii/framework/web/widgets/COutputProcessor.php(44): CContentDecorator->processOutput()
#7 /var/www/yii/framework/web/CBaseController.php(206): CContentDecorator->run()
#8 /var/www/yii/framework/web/CBaseController.php(300): UsersController->endWidget()
#9 /var/www/gallery_app/protected/views/layouts/column2.php(22): UsersController->endContent()
#10 /var/www/yii/framework/web/CBaseController.php(126): require()
#11 /var/www/yii/framework/web/CBaseController.php(95): UsersController->renderInternal()
#12 /var/www/yii/framework/web/CController.php(784): UsersController->renderFile()
#13 /var/www/gallery_app/protected/controllers/UsersController.php(86): UsersController->render()
#14 /var/www/yii/framework/web/actions/CInlineAction.php(49): UsersController->actionGallery()
#15 /var/www/yii/framework/web/CController.php(308): CInlineAction->runWithParams()
#16 /var/www/yii/framework/web/filters/CFilterChain.php(133): UsersController->runAction()
#17 /var/www/yii/framework/web/filters/CFilter.php(40): CFilterChain->run()
#18 /var/www/yii/framework/web/CController.php(1145): CAccessControlFilter->filter()
#19 /var/www/yii/framework/web/filters/CInlineFilter.php(58): UsersController->filterAccessControl()
#20 /var/www/yii/framework/web/filters/CFilterChain.php(130): CInlineFilter->filter()
#21 /var/www/yii/framework/web/CController.php(291): CFilterChain->run()
#22 /var/www/yii/framework/web/CController.php(265): UsersController->runActionWithFilters()
#23 /var/www/yii/framework/web/CWebApplication.php(282): UsersController->run()
#24 /var/www/yii/framework/web/CWebApplication.php(141): CWebApplication->runController()
#25 /var/www/yii/framework/base/CApplication.php(169): CWebApplication->processRequest()
#26 /var/www/gallery_app/index.php(13): CWebApplication->run()
REQUEST_URI=/gallery_app/index.php/users/gallery
in /var/www/gallery_app/themes/wpcraft/views/layouts/main.php (40)
in /var/www/gallery_app/protected/views/layouts/column2.php (22)
in /var/www/gallery_app/protected/controllers/UsersController.php (86)
2013/09/16 19:50:15 [error] [php] Undefined index: folder_description (/var/www/gallery_app/protected/views/pjt/test.php:88)
Stack trace:
#0 /var/www/yii/framework/web/CController.php(869): UsersController->renderFile()
#1 /var/www/yii/framework/web/CController.php(782): UsersController->renderPartial()
#2 /var/www/gallery_app/protected/controllers/UsersController.php(86): UsersController->render()
#3 /var/www/yii/framework/web/actions/CInlineAction.php(49): UsersController->actionGallery()
#4 /var/www/yii/framework/web/CController.php(308): CInlineAction->runWithParams()
#5 /var/www/yii/framework/web/filters/CFilterChain.php(133): UsersController->runAction()
#6 /var/www/yii/framework/web/filters/CFilter.php(40): CFilterChain->run()
#7 /var/www/yii/framework/web/CController.php(1145): CAccessControlFilter->filter()
#8 /var/www/yii/framework/web/filters/CInlineFilter.php(58): UsersController->filterAccessControl()
#9 /var/www/yii/framework/web/filters/CFilterChain.php(130): CInlineFilter->filter()
#10 /var/www/yii/framework/web/CController.php(291): CFilterChain->run()
#11 /var/www/yii/framework/web/CController.php(265): UsersController->runActionWithFilters()
#12 /var/www/yii/framework/web/CWebApplication.php(282): UsersController->run()
#13 /var/www/yii/framework/web/CWebApplication.php(141): CWebApplication->runController()
#14 /var/www/yii/framework/base/CApplication.php(169): CWebApplication->processRequest()
#15 /var/www/gallery_app/index.php(13): CWebApplication->run()
REQUEST_URI=/gallery_app/index.php/users/gallery
in /var/www/gallery_app/protected/views/pjt/test.php (88)
in /var/www/gallery_app/protected/controllers/UsersController.php (86)
in /var/www/gallery_app/index.php (13)
2013/09/16 19:51:05 [error] [exception.CException] exception 'CException' with message 'Property "CDbCommand.0" is not defined.' in /var/www/yii/framework/base/CComponent.php:173
Stack trace:
#0 /var/www/yii/framework/db/CDbCommand.php(106): CComponent->__set('0', 'folder_descript...')
#1 /var/www/yii/framework/db/CDbConnection.php(470): CDbCommand->__construct(Object(CDbConnection), Array)
#2 /var/www/gallery_app/protected/controllers/UsersController.php(81): CDbConnection->createCommand(Array)
#3 /var/www/yii/framework/web/actions/CInlineAction.php(49): UsersController->actionGallery()
#4 /var/www/yii/framework/web/CController.php(308): CInlineAction->runWithParams(Array)
#5 /var/www/yii/framework/web/filters/CFilterChain.php(133): CController->runAction(Object(CInlineAction))
#6 /var/www/yii/framework/web/filters/CFilter.php(40): CFilterChain->run()
#7 /var/www/yii/framework/web/CController.php(1145): CFilter->filter(Object(CFilterChain))
#8 /var/www/yii/framework/web/filters/CInlineFilter.php(58): CController->filterAccessControl(Object(CFilterChain))
#9 /var/www/yii/framework/web/filters/CFilterChain.php(130): CInlineFilter->filter(Object(CFilterChain))
#10 /var/www/yii/framework/web/CController.php(291): CFilterChain->run()
#11 /var/www/yii/framework/web/CController.php(265): CController->runActionWithFilters(Object(CInlineAction), Array)
#12 /var/www/yii/framework/web/CWebApplication.php(282): CController->run('gallery')
#13 /var/www/yii/framework/web/CWebApplication.php(141): CWebApplication->runController('users/gallery')
#14 /var/www/yii/framework/base/CApplication.php(169): CWebApplication->processRequest()
#15 /var/www/gallery_app/index.php(13): CApplication->run()
#16 {main}
REQUEST_URI=/gallery_app/index.php/users/gallery
---
2013/09/16 19:51:34 [error] [exception.CException] exception 'CException' with message 'Property "CDbCommand.0" is not defined.' in /var/www/yii/framework/base/CComponent.php:173
Stack trace:
#0 /var/www/yii/framework/db/CDbCommand.php(106): CComponent->__set('0', 'folder_descript...')
#1 /var/www/yii/framework/db/CDbConnection.php(470): CDbCommand->__construct(Object(CDbConnection), Array)
#2 /var/www/gallery_app/protected/controllers/UsersController.php(81): CDbConnection->createCommand(Array)
#3 /var/www/yii/framework/web/actions/CInlineAction.php(49): UsersController->actionGallery()
#4 /var/www/yii/framework/web/CController.php(308): CInlineAction->runWithParams(Array)
#5 /var/www/yii/framework/web/filters/CFilterChain.php(133): CController->runAction(Object(CInlineAction))
#6 /var/www/yii/framework/web/filters/CFilter.php(40): CFilterChain->run()
#7 /var/www/yii/framework/web/CController.php(1145): CFilter->filter(Object(CFilterChain))
#8 /var/www/yii/framework/web/filters/CInlineFilter.php(58): CController->filterAccessControl(Object(CFilterChain))
#9 /var/www/yii/framework/web/filters/CFilterChain.php(130): CInlineFilter->filter(Object(CFilterChain))
#10 /var/www/yii/framework/web/CController.php(291): CFilterChain->run()
#11 /var/www/yii/framework/web/CController.php(265): CController->runActionWithFilters(Object(CInlineAction), Array)
#12 /var/www/yii/framework/web/CWebApplication.php(282): CController->run('gallery')
#13 /var/www/yii/framework/web/CWebApplication.php(141): CWebApplication->runController('users/gallery')
#14 /var/www/yii/framework/base/CApplication.php(169): CWebApplication->processRequest()
#15 /var/www/gallery_app/index.php(13): CApplication->run()
#16 {main}
REQUEST_URI=/gallery_app/index.php/users/gallery
---
2013/09/16 19:52:41 [error] [exception.CException] exception 'CException' with message 'Property "CDbCriteria.0" is not defined.' in /var/www/yii/framework/base/CComponent.php:173
Stack trace:
#0 /var/www/yii/framework/db/schema/CDbCriteria.php(160): CComponent->__set('0', 'folder_descript...')
#1 /var/www/yii/framework/db/schema/CDbCommandBuilder.php(483): CDbCriteria->__construct(Array)
#2 /var/www/yii/framework/db/ar/CActiveRecord.php(1415): CDbCommandBuilder->createCriteria(Array, Array)
#3 /var/www/gallery_app/protected/controllers/UsersController.php(74): CActiveRecord->findAll(Array)
#4 /var/www/yii/framework/web/actions/CInlineAction.php(49): UsersController->actionGallery()
#5 /var/www/yii/framework/web/CController.php(308): CInlineAction->runWithParams(Array)
#6 /var/www/yii/framework/web/filters/CFilterChain.php(133): CController->runAction(Object(CInlineAction))
#7 /var/www/yii/framework/web/filters/CFilter.php(40): CFilterChain->run()
#8 /var/www/yii/framework/web/CController.php(1145): CFilter->filter(Object(CFilterChain))
#9 /var/www/yii/framework/web/filters/CInlineFilter.php(58): CController->filterAccessControl(Object(CFilterChain))
#10 /var/www/yii/framework/web/filters/CFilterChain.php(130): CInlineFilter->filter(Object(CFilterChain))
#11 /var/www/yii/framework/web/CController.php(291): CFilterChain->run()
#12 /var/www/yii/framework/web/CController.php(265): CController->runActionWithFilters(Object(CInlineAction), Array)
#13 /var/www/yii/framework/web/CWebApplication.php(282): CController->run('gallery')
#14 /var/www/yii/framework/web/CWebApplication.php(141): CWebApplication->runController('users/gallery')
#15 /var/www/yii/framework/base/CApplication.php(169): CWebApplication->processRequest()
#16 /var/www/gallery_app/index.php(13): CApplication->run()
#17 {main}
REQUEST_URI=/gallery_app/index.php/users/gallery
---
2013/09/16 19:52:56 [error] [exception.CException] exception 'CException' with message 'Property "CDbCriteria.0" is not defined.' in /var/www/yii/framework/base/CComponent.php:173
Stack trace:
#0 /var/www/yii/framework/db/schema/CDbCriteria.php(160): CComponent->__set('0', 'folder_descript...')
#1 /var/www/yii/framework/db/schema/CDbCommandBuilder.php(483): CDbCriteria->__construct(Array)
#2 /var/www/yii/framework/db/ar/CActiveRecord.php(1415): CDbCommandBuilder->createCriteria(Array, Array)
#3 /var/www/gallery_app/protected/controllers/UsersController.php(74): CActiveRecord->findAll(Array)
#4 /var/www/yii/framework/web/actions/CInlineAction.php(49): UsersController->actionGallery()
#5 /var/www/yii/framework/web/CController.php(308): CInlineAction->runWithParams(Array)
#6 /var/www/yii/framework/web/filters/CFilterChain.php(133): CController->runAction(Object(CInlineAction))
#7 /var/www/yii/framework/web/filters/CFilter.php(40): CFilterChain->run()
#8 /var/www/yii/framework/web/CController.php(1145): CFilter->filter(Object(CFilterChain))
#9 /var/www/yii/framework/web/filters/CInlineFilter.php(58): CController->filterAccessControl(Object(CFilterChain))
#10 /var/www/yii/framework/web/filters/CFilterChain.php(130): CInlineFilter->filter(Object(CFilterChain))
#11 /var/www/yii/framework/web/CController.php(291): CFilterChain->run()
#12 /var/www/yii/framework/web/CController.php(265): CController->runActionWithFilters(Object(CInlineAction), Array)
#13 /var/www/yii/framework/web/CWebApplication.php(282): CController->run('gallery')
#14 /var/www/yii/framework/web/CWebApplication.php(141): CWebApplication->runController('users/gallery')
#15 /var/www/yii/framework/base/CApplication.php(169): CWebApplication->processRequest()
#16 /var/www/gallery_app/index.php(13): CApplication->run()
#17 {main}
REQUEST_URI=/gallery_app/index.php/users/gallery
---
2013/09/16 19:52:58 [error] [exception.CException] exception 'CException' with message 'Property "CDbCriteria.0" is not defined.' in /var/www/yii/framework/base/CComponent.php:173
Stack trace:
#0 /var/www/yii/framework/db/schema/CDbCriteria.php(160): CComponent->__set('0', 'folder_descript...')
#1 /var/www/yii/framework/db/schema/CDbCommandBuilder.php(483): CDbCriteria->__construct(Array)
#2 /var/www/yii/framework/db/ar/CActiveRecord.php(1415): CDbCommandBuilder->createCriteria(Array, Array)
#3 /var/www/gallery_app/protected/controllers/UsersController.php(74): CActiveRecord->findAll(Array)
#4 /var/www/yii/framework/web/actions/CInlineAction.php(49): UsersController->actionGallery()
#5 /var/www/yii/framework/web/CController.php(308): CInlineAction->runWithParams(Array)
#6 /var/www/yii/framework/web/filters/CFilterChain.php(133): CController->runAction(Object(CInlineAction))
#7 /var/www/yii/framework/web/filters/CFilter.php(40): CFilterChain->run()
#8 /var/www/yii/framework/web/CController.php(1145): CFilter->filter(Object(CFilterChain))
#9 /var/www/yii/framework/web/filters/CInlineFilter.php(58): CController->filterAccessControl(Object(CFilterChain))
#10 /var/www/yii/framework/web/filters/CFilterChain.php(130): CInlineFilter->filter(Object(CFilterChain))
#11 /var/www/yii/framework/web/CController.php(291): CFilterChain->run()
#12 /var/www/yii/framework/web/CController.php(265): CController->runActionWithFilters(Object(CInlineAction), Array)
#13 /var/www/yii/framework/web/CWebApplication.php(282): CController->run('gallery')
#14 /var/www/yii/framework/web/CWebApplication.php(141): CWebApplication->runController('users/gallery')
#15 /var/www/yii/framework/base/CApplication.php(169): CWebApplication->processRequest()
#16 /var/www/gallery_app/index.php(13): CApplication->run()
#17 {main}
REQUEST_URI=/gallery_app/index.php/users/gallery
---
2013/09/16 19:53:06 [error] [exception.CException] exception 'CException' with message 'Property "CDbCriteria.0" is not defined.' in /var/www/yii/framework/base/CComponent.php:173
Stack trace:
#0 /var/www/yii/framework/db/schema/CDbCriteria.php(160): CComponent->__set('0', 'folder_descript...')
#1 /var/www/yii/framework/db/schema/CDbCommandBuilder.php(483): CDbCriteria->__construct(Array)
#2 /var/www/yii/framework/db/ar/CActiveRecord.php(1415): CDbCommandBuilder->createCriteria(Array, Array)
#3 /var/www/gallery_app/protected/controllers/UsersController.php(74): CActiveRecord->findAll(Array)
#4 /var/www/yii/framework/web/actions/CInlineAction.php(49): UsersController->actionGallery()
#5 /var/www/yii/framework/web/CController.php(308): CInlineAction->runWithParams(Array)
#6 /var/www/yii/framework/web/filters/CFilterChain.php(133): CController->runAction(Object(CInlineAction))
#7 /var/www/yii/framework/web/filters/CFilter.php(40): CFilterChain->run()
#8 /var/www/yii/framework/web/CController.php(1145): CFilter->filter(Object(CFilterChain))
#9 /var/www/yii/framework/web/filters/CInlineFilter.php(58): CController->filterAccessControl(Object(CFilterChain))
#10 /var/www/yii/framework/web/filters/CFilterChain.php(130): CInlineFilter->filter(Object(CFilterChain))
#11 /var/www/yii/framework/web/CController.php(291): CFilterChain->run()
#12 /var/www/yii/framework/web/CController.php(265): CController->runActionWithFilters(Object(CInlineAction), Array)
#13 /var/www/yii/framework/web/CWebApplication.php(282): CController->run('gallery')
#14 /var/www/yii/framework/web/CWebApplication.php(141): CWebApplication->runController('users/gallery')
#15 /var/www/yii/framework/base/CApplication.php(169): CWebApplication->processRequest()
#16 /var/www/gallery_app/index.php(13): CApplication->run()
#17 {main}
REQUEST_URI=/gallery_app/index.php/users/gallery
---
2013/09/16 19:53:27 [error] [exception.CException] exception 'CException' with message 'Property "CDbCriteria.0" is not defined.' in /var/www/yii/framework/base/CComponent.php:173
Stack trace:
#0 /var/www/yii/framework/db/schema/CDbCriteria.php(160): CComponent->__set('0', 'folder_descript...')
#1 /var/www/yii/framework/db/schema/CDbCommandBuilder.php(483): CDbCriteria->__construct(Array)
#2 /var/www/yii/framework/db/ar/CActiveRecord.php(1415): CDbCommandBuilder->createCriteria(Array, Array)
#3 /var/www/gallery_app/protected/controllers/UsersController.php(74): CActiveRecord->findAll(Array)
#4 /var/www/yii/framework/web/actions/CInlineAction.php(49): UsersController->actionGallery()
#5 /var/www/yii/framework/web/CController.php(308): CInlineAction->runWithParams(Array)
#6 /var/www/yii/framework/web/filters/CFilterChain.php(133): CController->runAction(Object(CInlineAction))
#7 /var/www/yii/framework/web/filters/CFilter.php(40): CFilterChain->run()
#8 /var/www/yii/framework/web/CController.php(1145): CFilter->filter(Object(CFilterChain))
#9 /var/www/yii/framework/web/filters/CInlineFilter.php(58): CController->filterAccessControl(Object(CFilterChain))
#10 /var/www/yii/framework/web/filters/CFilterChain.php(130): CInlineFilter->filter(Object(CFilterChain))
#11 /var/www/yii/framework/web/CController.php(291): CFilterChain->run()
#12 /var/www/yii/framework/web/CController.php(265): CController->runActionWithFilters(Object(CInlineAction), Array)
#13 /var/www/yii/framework/web/CWebApplication.php(282): CController->run('gallery')
#14 /var/www/yii/framework/web/CWebApplication.php(141): CWebApplication->runController('users/gallery')
#15 /var/www/yii/framework/base/CApplication.php(169): CWebApplication->processRequest()
#16 /var/www/gallery_app/index.php(13): CApplication->run()
#17 {main}
REQUEST_URI=/gallery_app/index.php/users/gallery
---
2013/09/16 19:53:30 [error] [exception.CException] exception 'CException' with message 'Property "CDbCriteria.0" is not defined.' in /var/www/yii/framework/base/CComponent.php:173
Stack trace:
#0 /var/www/yii/framework/db/schema/CDbCriteria.php(160): CComponent->__set('0', 'folder_descript...')
#1 /var/www/yii/framework/db/schema/CDbCommandBuilder.php(483): CDbCriteria->__construct(Array)
#2 /var/www/yii/framework/db/ar/CActiveRecord.php(1415): CDbCommandBuilder->createCriteria(Array, Array)
#3 /var/www/gallery_app/protected/controllers/UsersController.php(74): CActiveRecord->findAll(Array)
#4 /var/www/yii/framework/web/actions/CInlineAction.php(49): UsersController->actionGallery()
#5 /var/www/yii/framework/web/CController.php(308): CInlineAction->runWithParams(Array)
#6 /var/www/yii/framework/web/filters/CFilterChain.php(133): CController->runAction(Object(CInlineAction))
#7 /var/www/yii/framework/web/filters/CFilter.php(40): CFilterChain->run()
#8 /var/www/yii/framework/web/CController.php(1145): CFilter->filter(Object(CFilterChain))
#9 /var/www/yii/framework/web/filters/CInlineFilter.php(58): CController->filterAccessControl(Object(CFilterChain))
#10 /var/www/yii/framework/web/filters/CFilterChain.php(130): CInlineFilter->filter(Object(CFilterChain))
#11 /var/www/yii/framework/web/CController.php(291): CFilterChain->run()
#12 /var/www/yii/framework/web/CController.php(265): CController->runActionWithFilters(Object(CInlineAction), Array)
#13 /var/www/yii/framework/web/CWebApplication.php(282): CController->run('gallery')
#14 /var/www/yii/framework/web/CWebApplication.php(141): CWebApplication->runController('users/gallery')
#15 /var/www/yii/framework/base/CApplication.php(169): CWebApplication->processRequest()
#16 /var/www/gallery_app/index.php(13): CApplication->run()
#17 {main}
REQUEST_URI=/gallery_app/index.php/users/gallery
---
2013/09/16 19:53:58 [error] [exception.CException] exception 'CException' with message 'Property "CDbCriteria.0" is not defined.' in /var/www/yii/framework/base/CComponent.php:173
Stack trace:
#0 /var/www/yii/framework/db/schema/CDbCriteria.php(160): CComponent->__set('0', 'folder_descript...')
#1 /var/www/yii/framework/db/schema/CDbCommandBuilder.php(483): CDbCriteria->__construct(Array)
#2 /var/www/yii/framework/db/ar/CActiveRecord.php(1415): CDbCommandBuilder->createCriteria(Array, Array)
#3 /var/www/gallery_app/protected/controllers/UsersController.php(74): CActiveRecord->findAll(Array)
#4 /var/www/yii/framework/web/actions/CInlineAction.php(49): UsersController->actionGallery()
#5 /var/www/yii/framework/web/CController.php(308): CInlineAction->runWithParams(Array)
#6 /var/www/yii/framework/web/filters/CFilterChain.php(133): CController->runAction(Object(CInlineAction))
#7 /var/www/yii/framework/web/filters/CFilter.php(40): CFilterChain->run()
#8 /var/www/yii/framework/web/CController.php(1145): CFilter->filter(Object(CFilterChain))
#9 /var/www/yii/framework/web/filters/CInlineFilter.php(58): CController->filterAccessControl(Object(CFilterChain))
#10 /var/www/yii/framework/web/filters/CFilterChain.php(130): CInlineFilter->filter(Object(CFilterChain))
#11 /var/www/yii/framework/web/CController.php(291): CFilterChain->run()
#12 /var/www/yii/framework/web/CController.php(265): CController->runActionWithFilters(Object(CInlineAction), Array)
#13 /var/www/yii/framework/web/CWebApplication.php(282): CController->run('gallery')
#14 /var/www/yii/framework/web/CWebApplication.php(141): CWebApplication->runController('users/gallery')
#15 /var/www/yii/framework/base/CApplication.php(169): CWebApplication->processRequest()
#16 /var/www/gallery_app/index.php(13): CApplication->run()
#17 {main}
REQUEST_URI=/gallery_app/index.php/users/gallery
HTTP_REFERER=http://localhost/gallery_app/index.php/site/login
---
2013/09/16 19:54:27 [error] [exception.CException] exception 'CException' with message 'Property "CDbCriteria.0" is not defined.' in /var/www/yii/framework/base/CComponent.php:173
Stack trace:
#0 /var/www/yii/framework/db/schema/CDbCriteria.php(160): CComponent->__set('0', 'folder_descript...')
#1 /var/www/yii/framework/db/schema/CDbCommandBuilder.php(483): CDbCriteria->__construct(Array)
#2 /var/www/yii/framework/db/ar/CActiveRecord.php(1415): CDbCommandBuilder->createCriteria(Array, Array)
#3 /var/www/gallery_app/protected/controllers/UsersController.php(74): CActiveRecord->findAll(Array)
#4 /var/www/yii/framework/web/actions/CInlineAction.php(49): UsersController->actionGallery()
#5 /var/www/yii/framework/web/CController.php(308): CInlineAction->runWithParams(Array)
#6 /var/www/yii/framework/web/filters/CFilterChain.php(133): CController->runAction(Object(CInlineAction))
#7 /var/www/yii/framework/web/filters/CFilter.php(40): CFilterChain->run()
#8 /var/www/yii/framework/web/CController.php(1145): CFilter->filter(Object(CFilterChain))
#9 /var/www/yii/framework/web/filters/CInlineFilter.php(58): CController->filterAccessControl(Object(CFilterChain))
#10 /var/www/yii/framework/web/filters/CFilterChain.php(130): CInlineFilter->filter(Object(CFilterChain))
#11 /var/www/yii/framework/web/CController.php(291): CFilterChain->run()
#12 /var/www/yii/framework/web/CController.php(265): CController->runActionWithFilters(Object(CInlineAction), Array)
#13 /var/www/yii/framework/web/CWebApplication.php(282): CController->run('gallery')
#14 /var/www/yii/framework/web/CWebApplication.php(141): CWebApplication->runController('users/gallery')
#15 /var/www/yii/framework/base/CApplication.php(169): CWebApplication->processRequest()
#16 /var/www/gallery_app/index.php(13): CApplication->run()
#17 {main}
REQUEST_URI=/gallery_app/index.php/users/gallery
---
2013/09/16 19:55:50 [error] [exception.CException] exception 'CException' with message 'Property "CDbCriteria.0" is not defined.' in /var/www/yii/framework/base/CComponent.php:173
Stack trace:
#0 /var/www/yii/framework/db/schema/CDbCriteria.php(160): CComponent->__set('0', 'folder_descript...')
#1 /var/www/yii/framework/db/schema/CDbCommandBuilder.php(483): CDbCriteria->__construct(Array)
#2 /var/www/yii/framework/db/ar/CActiveRecord.php(1415): CDbCommandBuilder->createCriteria(Array, Array)
#3 /var/www/gallery_app/protected/controllers/UsersController.php(74): CActiveRecord->findAll(Array)
#4 /var/www/yii/framework/web/actions/CInlineAction.php(49): UsersController->actionGallery()
#5 /var/www/yii/framework/web/CController.php(308): CInlineAction->runWithParams(Array)
#6 /var/www/yii/framework/web/filters/CFilterChain.php(133): CController->runAction(Object(CInlineAction))
#7 /var/www/yii/framework/web/filters/CFilter.php(40): CFilterChain->run()
#8 /var/www/yii/framework/web/CController.php(1145): CFilter->filter(Object(CFilterChain))
#9 /var/www/yii/framework/web/filters/CInlineFilter.php(58): CController->filterAccessControl(Object(CFilterChain))
#10 /var/www/yii/framework/web/filters/CFilterChain.php(130): CInlineFilter->filter(Object(CFilterChain))
#11 /var/www/yii/framework/web/CController.php(291): CFilterChain->run()
#12 /var/www/yii/framework/web/CController.php(265): CController->runActionWithFilters(Object(CInlineAction), Array)
#13 /var/www/yii/framework/web/CWebApplication.php(282): CController->run('gallery')
#14 /var/www/yii/framework/web/CWebApplication.php(141): CWebApplication->runController('users/gallery')
#15 /var/www/yii/framework/base/CApplication.php(169): CWebApplication->processRequest()
#16 /var/www/gallery_app/index.php(13): CApplication->run()
#17 {main}
REQUEST_URI=/gallery_app/index.php/users/gallery
---
2013/09/16 19:58:06 [error] [exception.CException] exception 'CException' with message 'Property "CDbCommand.0" is not defined.' in /var/www/yii/framework/base/CComponent.php:173
Stack trace:
#0 /var/www/yii/framework/db/CDbCommand.php(106): CComponent->__set('0', 'folder_descript...')
#1 /var/www/yii/framework/db/CDbConnection.php(470): CDbCommand->__construct(Object(CDbConnection), Array)
#2 /var/www/gallery_app/protected/controllers/UsersController.php(81): CDbConnection->createCommand(Array)
#3 /var/www/yii/framework/web/actions/CInlineAction.php(49): UsersController->actionGallery()
#4 /var/www/yii/framework/web/CController.php(308): CInlineAction->runWithParams(Array)
#5 /var/www/yii/framework/web/filters/CFilterChain.php(133): CController->runAction(Object(CInlineAction))
#6 /var/www/yii/framework/web/filters/CFilter.php(40): CFilterChain->run()
#7 /var/www/yii/framework/web/CController.php(1145): CFilter->filter(Object(CFilterChain))
#8 /var/www/yii/framework/web/filters/CInlineFilter.php(58): CController->filterAccessControl(Object(CFilterChain))
#9 /var/www/yii/framework/web/filters/CFilterChain.php(130): CInlineFilter->filter(Object(CFilterChain))
#10 /var/www/yii/framework/web/CController.php(291): CFilterChain->run()
#11 /var/www/yii/framework/web/CController.php(265): CController->runActionWithFilters(Object(CInlineAction), Array)
#12 /var/www/yii/framework/web/CWebApplication.php(282): CController->run('gallery')
#13 /var/www/yii/framework/web/CWebApplication.php(141): CWebApplication->runController('users/gallery')
#14 /var/www/yii/framework/base/CApplication.php(169): CWebApplication->processRequest()
#15 /var/www/gallery_app/index.php(13): CApplication->run()
#16 {main}
REQUEST_URI=/gallery_app/index.php/users/gallery
---
2013/09/17 11:17:55 [error] [php] Undefined variable: valuecom (/var/www/gallery_app/protected/views/pjt/test.php:78)
Stack trace:
#0 /var/www/yii/framework/web/CController.php(869): UsersController->renderFile()
#1 /var/www/yii/framework/web/CController.php(782): UsersController->renderPartial()
#2 /var/www/gallery_app/protected/controllers/UsersController.php(86): UsersController->render()
#3 /var/www/yii/framework/web/actions/CInlineAction.php(49): UsersController->actionGallery()
#4 /var/www/yii/framework/web/CController.php(308): CInlineAction->runWithParams()
#5 /var/www/yii/framework/web/filters/CFilterChain.php(133): UsersController->runAction()
#6 /var/www/yii/framework/web/filters/CFilter.php(40): CFilterChain->run()
#7 /var/www/yii/framework/web/CController.php(1145): CAccessControlFilter->filter()
#8 /var/www/yii/framework/web/filters/CInlineFilter.php(58): UsersController->filterAccessControl()
#9 /var/www/yii/framework/web/filters/CFilterChain.php(130): CInlineFilter->filter()
#10 /var/www/yii/framework/web/CController.php(291): CFilterChain->run()
#11 /var/www/yii/framework/web/CController.php(265): UsersController->runActionWithFilters()
#12 /var/www/yii/framework/web/CWebApplication.php(282): UsersController->run()
#13 /var/www/yii/framework/web/CWebApplication.php(141): CWebApplication->runController()
#14 /var/www/yii/framework/base/CApplication.php(169): CWebApplication->processRequest()
#15 /var/www/gallery_app/index.php(13): CWebApplication->run()
REQUEST_URI=/gallery_app/index.php/users/gallery
in /var/www/gallery_app/protected/views/pjt/test.php (78)
in /var/www/gallery_app/protected/controllers/UsersController.php (86)
in /var/www/gallery_app/index.php (13)
2013/09/17 11:18:11 [error] [php] Undefined index: folder_description (/var/www/gallery_app/protected/views/pjt/test.php:78)
Stack trace:
#0 /var/www/yii/framework/web/CController.php(869): UsersController->renderFile()
#1 /var/www/yii/framework/web/CController.php(782): UsersController->renderPartial()
#2 /var/www/gallery_app/protected/controllers/UsersController.php(86): UsersController->render()
#3 /var/www/yii/framework/web/actions/CInlineAction.php(49): UsersController->actionGallery()
#4 /var/www/yii/framework/web/CController.php(308): CInlineAction->runWithParams()
#5 /var/www/yii/framework/web/filters/CFilterChain.php(133): UsersController->runAction()
#6 /var/www/yii/framework/web/filters/CFilter.php(40): CFilterChain->run()
#7 /var/www/yii/framework/web/CController.php(1145): CAccessControlFilter->filter()
#8 /var/www/yii/framework/web/filters/CInlineFilter.php(58): UsersController->filterAccessControl()
#9 /var/www/yii/framework/web/filters/CFilterChain.php(130): CInlineFilter->filter()
#10 /var/www/yii/framework/web/CController.php(291): CFilterChain->run()
#11 /var/www/yii/framework/web/CController.php(265): UsersController->runActionWithFilters()
#12 /var/www/yii/framework/web/CWebApplication.php(282): UsersController->run()
#13 /var/www/yii/framework/web/CWebApplication.php(141): CWebApplication->runController()
#14 /var/www/yii/framework/base/CApplication.php(169): CWebApplication->processRequest()
#15 /var/www/gallery_app/index.php(13): CWebApplication->run()
REQUEST_URI=/gallery_app/index.php/users/gallery
in /var/www/gallery_app/protected/views/pjt/test.php (78)
in /var/www/gallery_app/protected/controllers/UsersController.php (86)
in /var/www/gallery_app/index.php (13)
2013/09/17 13:41:30 [error] [php] Undefined index: asset_current_path (/var/www/gallery_app/protected/views/pjt/test.php:93)
Stack trace:
#0 /var/www/yii/framework/web/CController.php(869): UsersController->renderFile()
#1 /var/www/yii/framework/web/CController.php(782): UsersController->renderPartial()
#2 /var/www/gallery_app/protected/controllers/UsersController.php(86): UsersController->render()
#3 /var/www/yii/framework/web/actions/CInlineAction.php(49): UsersController->actionGallery()
#4 /var/www/yii/framework/web/CController.php(308): CInlineAction->runWithParams()
#5 /var/www/yii/framework/web/filters/CFilterChain.php(133): UsersController->runAction()
#6 /var/www/yii/framework/web/filters/CFilter.php(40): CFilterChain->run()
#7 /var/www/yii/framework/web/CController.php(1145): CAccessControlFilter->filter()
#8 /var/www/yii/framework/web/filters/CInlineFilter.php(58): UsersController->filterAccessControl()
#9 /var/www/yii/framework/web/filters/CFilterChain.php(130): CInlineFilter->filter()
#10 /var/www/yii/framework/web/CController.php(291): CFilterChain->run()
#11 /var/www/yii/framework/web/CController.php(265): UsersController->runActionWithFilters()
#12 /var/www/yii/framework/web/CWebApplication.php(282): UsersController->run()
#13 /var/www/yii/framework/web/CWebApplication.php(141): CWebApplication->runController()
#14 /var/www/yii/framework/base/CApplication.php(169): CWebApplication->processRequest()
#15 /var/www/gallery_app/index.php(13): CWebApplication->run()
REQUEST_URI=/gallery_app/index.php/users/gallery/1
in /var/www/gallery_app/protected/views/pjt/test.php (93)
in /var/www/gallery_app/protected/controllers/UsersController.php (86)
in /var/www/gallery_app/index.php (13)
2013/09/17 15:36:44 [error] [php] imagesx() expects parameter 1 to be resource, boolean given (/var/www/gallery_app/protected/components/resize.php:16)
Stack trace:
#0 /var/www/yii/framework/web/CBaseController.php(126): require()
#1 /var/www/yii/framework/web/CBaseController.php(95): UsersController->renderInternal()
#2 /var/www/yii/framework/web/CController.php(869): UsersController->renderFile()
#3 /var/www/yii/framework/web/CController.php(782): UsersController->renderPartial()
#4 /var/www/gallery_app/protected/controllers/UsersController.php(86): UsersController->render()
#5 /var/www/yii/framework/web/actions/CInlineAction.php(49): UsersController->actionGallery()
#6 /var/www/yii/framework/web/CController.php(308): CInlineAction->runWithParams()
#7 /var/www/yii/framework/web/filters/CFilterChain.php(133): UsersController->runAction()
#8 /var/www/yii/framework/web/filters/CFilter.php(40): CFilterChain->run()
#9 /var/www/yii/framework/web/CController.php(1145): CAccessControlFilter->filter()
#10 /var/www/yii/framework/web/filters/CInlineFilter.php(58): UsersController->filterAccessControl()
#11 /var/www/yii/framework/web/filters/CFilterChain.php(130): CInlineFilter->filter()
#12 /var/www/yii/framework/web/CController.php(291): CFilterChain->run()
#13 /var/www/yii/framework/web/CController.php(265): UsersController->runActionWithFilters()
#14 /var/www/yii/framework/web/CWebApplication.php(282): UsersController->run()
#15 /var/www/yii/framework/web/CWebApplication.php(141): CWebApplication->runController()
#16 /var/www/yii/framework/base/CApplication.php(169): CWebApplication->processRequest()
#17 /var/www/gallery_app/index.php(13): CWebApplication->run()
REQUEST_URI=/gallery_app/index.php/users/gallery
in /var/www/gallery_app/protected/components/resize.php (16)
in /var/www/gallery_app/protected/views/pjt/test.php (102)
in /var/www/gallery_app/protected/controllers/UsersController.php (86)
2013/09/17 15:37:28 [error] [exception.CHttpException.404] exception 'CHttpException' with message 'The system is unable to find the requested action "fdgf".' in /var/www/yii/framework/web/CController.php:483
Stack trace:
#0 /var/www/yii/framework/web/CController.php(270): CController->missingAction('fdgf')
#1 /var/www/yii/framework/web/CWebApplication.php(282): CController->run('fdgf')
#2 /var/www/yii/framework/web/CWebApplication.php(141): CWebApplication->runController('users/fdgf')
#3 /var/www/yii/framework/base/CApplication.php(169): CWebApplication->processRequest()
#4 /var/www/gallery_app/index.php(13): CApplication->run()
#5 {main}
REQUEST_URI=/gallery_app/index.php/users/fdgf
HTTP_REFERER=http://localhost/gallery_app/index.php/users/gallery
---
2013/09/17 15:37:28 [error] [exception.CHttpException.404] exception 'CHttpException' with message 'The system is unable to find the requested action "vxv".' in /var/www/yii/framework/web/CController.php:483
Stack trace:
#0 /var/www/yii/framework/web/CController.php(270): CController->missingAction('vxv')
#1 /var/www/yii/framework/web/CWebApplication.php(282): CController->run('vxv')
#2 /var/www/yii/framework/web/CWebApplication.php(141): CWebApplication->runController('users/vxv')
#3 /var/www/yii/framework/base/CApplication.php(169): CWebApplication->processRequest()
#4 /var/www/gallery_app/index.php(13): CApplication->run()
#5 {main}
REQUEST_URI=/gallery_app/index.php/users/vxv
HTTP_REFERER=http://localhost/gallery_app/index.php/users/gallery
---
2013/09/17 15:37:28 [error] [exception.CHttpException.404] exception 'CHttpException' with message 'The system is unable to find the requested action "cvb".' in /var/www/yii/framework/web/CController.php:483
Stack trace:
#0 /var/www/yii/framework/web/CController.php(270): CController->missingAction('cvb')
#1 /var/www/yii/framework/web/CWebApplication.php(282): CController->run('cvb')
#2 /var/www/yii/framework/web/CWebApplication.php(141): CWebApplication->runController('users/cvb')
#3 /var/www/yii/framework/base/CApplication.php(169): CWebApplication->processRequest()
#4 /var/www/gallery_app/index.php(13): CApplication->run()
#5 {main}
REQUEST_URI=/gallery_app/index.php/users/cvb
HTTP_REFERER=http://localhost/gallery_app/index.php/users/gallery
---
2013/09/17 15:37:28 [error] [exception.CHttpException.404] exception 'CHttpException' with message 'The system is unable to find the requested action "bcvb".' in /var/www/yii/framework/web/CController.php:483
Stack trace:
#0 /var/www/yii/framework/web/CController.php(270): CController->missingAction('bcvb')
#1 /var/www/yii/framework/web/CWebApplication.php(282): CController->run('bcvb')
#2 /var/www/yii/framework/web/CWebApplication.php(141): CWebApplication->runController('users/bcvb')
#3 /var/www/yii/framework/base/CApplication.php(169): CWebApplication->processRequest()
#4 /var/www/gallery_app/index.php(13): CApplication->run()
#5 {main}
REQUEST_URI=/gallery_app/index.php/users/bcvb
HTTP_REFERER=http://localhost/gallery_app/index.php/users/gallery
---
2013/09/17 15:37:28 [error] [exception.CHttpException.404] exception 'CHttpException' with message 'The system is unable to find the requested action "rerwrewr".' in /var/www/yii/framework/web/CController.php:483
Stack trace:
#0 /var/www/yii/framework/web/CController.php(270): CController->missingAction('rerwrewr')
#1 /var/www/yii/framework/web/CWebApplication.php(282): CController->run('rerwrewr')
#2 /var/www/yii/framework/web/CWebApplication.php(141): CWebApplication->runController('users/rerwrewr')
#3 /var/www/yii/framework/base/CApplication.php(169): CWebApplication->processRequest()
#4 /var/www/gallery_app/index.php(13): CApplication->run()
#5 {main}
REQUEST_URI=/gallery_app/index.php/users/rerwrewr
HTTP_REFERER=http://localhost/gallery_app/index.php/users/gallery
---
2013/09/17 15:37:29 [error] [exception.CHttpException.404] exception 'CHttpException' with message 'The system is unable to find the requested action "fdgf".' in /var/www/yii/framework/web/CController.php:483
Stack trace:
#0 /var/www/yii/framework/web/CController.php(270): CController->missingAction('fdgf')
#1 /var/www/yii/framework/web/CWebApplication.php(282): CController->run('fdgf')
#2 /var/www/yii/framework/web/CWebApplication.php(141): CWebApplication->runController('users/fdgf')
#3 /var/www/yii/framework/base/CApplication.php(169): CWebApplication->processRequest()
#4 /var/www/gallery_app/index.php(13): CApplication->run()
#5 {main}
REQUEST_URI=/gallery_app/index.php/users/fdgf
HTTP_REFERER=http://localhost/gallery_app/index.php/users/gallery
---
2013/09/17 15:37:29 [error] [exception.CHttpException.404] exception 'CHttpException' with message 'The system is unable to find the requested action "cvb".' in /var/www/yii/framework/web/CController.php:483
Stack trace:
#0 /var/www/yii/framework/web/CController.php(270): CController->missingAction('cvb')
#1 /var/www/yii/framework/web/CWebApplication.php(282): CController->run('cvb')
#2 /var/www/yii/framework/web/CWebApplication.php(141): CWebApplication->runController('users/cvb')
#3 /var/www/yii/framework/base/CApplication.php(169): CWebApplication->processRequest()
#4 /var/www/gallery_app/index.php(13): CApplication->run()
#5 {main}
REQUEST_URI=/gallery_app/index.php/users/cvb
HTTP_REFERER=http://localhost/gallery_app/index.php/users/gallery
---
2013/09/17 15:37:29 [error] [exception.CHttpException.404] exception 'CHttpException' with message 'The system is unable to find the requested action "bcvb".' in /var/www/yii/framework/web/CController.php:483
Stack trace:
#0 /var/www/yii/framework/web/CController.php(270): CController->missingAction('bcvb')
#1 /var/www/yii/framework/web/CWebApplication.php(282): CController->run('bcvb')
#2 /var/www/yii/framework/web/CWebApplication.php(141): CWebApplication->runController('users/bcvb')
#3 /var/www/yii/framework/base/CApplication.php(169): CWebApplication->processRequest()
#4 /var/www/gallery_app/index.php(13): CApplication->run()
#5 {main}
REQUEST_URI=/gallery_app/index.php/users/bcvb
HTTP_REFERER=http://localhost/gallery_app/index.php/users/gallery
---
2013/09/17 15:37:30 [error] [exception.CHttpException.404] exception 'CHttpException' with message 'The system is unable to find the requested action "vxv".' in /var/www/yii/framework/web/CController.php:483
Stack trace:
#0 /var/www/yii/framework/web/CController.php(270): CController->missingAction('vxv')
#1 /var/www/yii/framework/web/CWebApplication.php(282): CController->run('vxv')
#2 /var/www/yii/framework/web/CWebApplication.php(141): CWebApplication->runController('users/vxv')
#3 /var/www/yii/framework/base/CApplication.php(169): CWebApplication->processRequest()
#4 /var/www/gallery_app/index.php(13): CApplication->run()
#5 {main}
REQUEST_URI=/gallery_app/index.php/users/vxv
HTTP_REFERER=http://localhost/gallery_app/index.php/users/gallery
---
2013/09/17 15:37:30 [error] [exception.CHttpException.404] exception 'CHttpException' with message 'The system is unable to find the requested action "rerwrewr".' in /var/www/yii/framework/web/CController.php:483
Stack trace:
#0 /var/www/yii/framework/web/CController.php(270): CController->missingAction('rerwrewr')
#1 /var/www/yii/framework/web/CWebApplication.php(282): CController->run('rerwrewr')
#2 /var/www/yii/framework/web/CWebApplication.php(141): CWebApplication->runController('users/rerwrewr')
#3 /var/www/yii/framework/base/CApplication.php(169): CWebApplication->processRequest()
#4 /var/www/gallery_app/index.php(13): CApplication->run()
#5 {main}
REQUEST_URI=/gallery_app/index.php/users/rerwrewr
HTTP_REFERER=http://localhost/gallery_app/index.php/users/gallery
---
2013/09/17 15:37:30 [error] [exception.CHttpException.404] exception 'CHttpException' with message 'The system is unable to find the requested action "fdgf".' in /var/www/yii/framework/web/CController.php:483
Stack trace:
#0 /var/www/yii/framework/web/CController.php(270): CController->missingAction('fdgf')
#1 /var/www/yii/framework/web/CWebApplication.php(282): CController->run('fdgf')
#2 /var/www/yii/framework/web/CWebApplication.php(141): CWebApplication->runController('users/fdgf')
#3 /var/www/yii/framework/base/CApplication.php(169): CWebApplication->processRequest()
#4 /var/www/gallery_app/index.php(13): CApplication->run()
#5 {main}
REQUEST_URI=/gallery_app/index.php/users/fdgf
HTTP_REFERER=http://localhost/gallery_app/index.php/users/gallery
---
2013/09/17 15:37:30 [error] [exception.CHttpException.404] exception 'CHttpException' with message 'The system is unable to find the requested action "cvb".' in /var/www/yii/framework/web/CController.php:483
Stack trace:
#0 /var/www/yii/framework/web/CController.php(270): CController->missingAction('cvb')
#1 /var/www/yii/framework/web/CWebApplication.php(282): CController->run('cvb')
#2 /var/www/yii/framework/web/CWebApplication.php(141): CWebApplication->runController('users/cvb')
#3 /var/www/yii/framework/base/CApplication.php(169): CWebApplication->processRequest()
#4 /var/www/gallery_app/index.php(13): CApplication->run()
#5 {main}
REQUEST_URI=/gallery_app/index.php/users/cvb
HTTP_REFERER=http://localhost/gallery_app/index.php/users/gallery
---
2013/09/17 15:37:30 [error] [exception.CHttpException.404] exception 'CHttpException' with message 'The system is unable to find the requested action "vxv".' in /var/www/yii/framework/web/CController.php:483
Stack trace:
#0 /var/www/yii/framework/web/CController.php(270): CController->missingAction('vxv')
#1 /var/www/yii/framework/web/CWebApplication.php(282): CController->run('vxv')
#2 /var/www/yii/framework/web/CWebApplication.php(141): CWebApplication->runController('users/vxv')
#3 /var/www/yii/framework/base/CApplication.php(169): CWebApplication->processRequest()
#4 /var/www/gallery_app/index.php(13): CApplication->run()
#5 {main}
REQUEST_URI=/gallery_app/index.php/users/vxv
HTTP_REFERER=http://localhost/gallery_app/index.php/users/gallery
---
2013/09/17 15:37:30 [error] [exception.CHttpException.404] exception 'CHttpException' with message 'The system is unable to find the requested action "rerwrewr".' in /var/www/yii/framework/web/CController.php:483
Stack trace:
#0 /var/www/yii/framework/web/CController.php(270): CController->missingAction('rerwrewr')
#1 /var/www/yii/framework/web/CWebApplication.php(282): CController->run('rerwrewr')
#2 /var/www/yii/framework/web/CWebApplication.php(141): CWebApplication->runController('users/rerwrewr')
#3 /var/www/yii/framework/base/CApplication.php(169): CWebApplication->processRequest()
#4 /var/www/gallery_app/index.php(13): CApplication->run()
#5 {main}
REQUEST_URI=/gallery_app/index.php/users/rerwrewr
HTTP_REFERER=http://localhost/gallery_app/index.php/users/gallery
---
2013/09/17 15:37:30 [error] [exception.CHttpException.404] exception 'CHttpException' with message 'The system is unable to find the requested action "bcvb".' in /var/www/yii/framework/web/CController.php:483
Stack trace:
#0 /var/www/yii/framework/web/CController.php(270): CController->missingAction('bcvb')
#1 /var/www/yii/framework/web/CWebApplication.php(282): CController->run('bcvb')
#2 /var/www/yii/framework/web/CWebApplication.php(141): CWebApplication->runController('users/bcvb')
#3 /var/www/yii/framework/base/CApplication.php(169): CWebApplication->processRequest()
#4 /var/www/gallery_app/index.php(13): CApplication->run()
#5 {main}
REQUEST_URI=/gallery_app/index.php/users/bcvb
HTTP_REFERER=http://localhost/gallery_app/index.php/users/gallery
---
2013/09/17 16:41:15 [error] [exception.CException] exception 'CException' with message 'The property "itemView" cannot be empty.' in /var/www/yii/framework/zii/widgets/CListView.php:202
Stack trace:
#0 /var/www/yii/framework/web/CBaseController.php(147): CListView->init()
#1 /var/www/yii/framework/web/CBaseController.php(172): CBaseController->createWidget('zii.widgets.CLi...', Array)
#2 /var/www/gallery_app/protected/views/pjt/test.php(95): CBaseController->widget('zii.widgets.CLi...', Array)
#3 /var/www/yii/framework/web/CBaseController.php(126): require('/var/www/galler...')
#4 /var/www/yii/framework/web/CBaseController.php(95): CBaseController->renderInternal('/var/www/galler...', Array, true)
#5 /var/www/yii/framework/web/CController.php(869): CBaseController->renderFile('/var/www/galler...', Array, true)
#6 /var/www/yii/framework/web/CController.php(782): CController->renderPartial('/pjt/test', Array, true)
#7 /var/www/gallery_app/protected/controllers/UsersController.php(86): CController->render('/pjt/test', Array)
#8 /var/www/yii/framework/web/actions/CInlineAction.php(49): UsersController->actionGallery()
#9 /var/www/yii/framework/web/CController.php(308): CInlineAction->runWithParams(Array)
#10 /var/www/yii/framework/web/filters/CFilterChain.php(133): CController->runAction(Object(CInlineAction))
#11 /var/www/yii/framework/web/filters/CFilter.php(40): CFilterChain->run()
#12 /var/www/yii/framework/web/CController.php(1145): CFilter->filter(Object(CFilterChain))
#13 /var/www/yii/framework/web/filters/CInlineFilter.php(58): CController->filterAccessControl(Object(CFilterChain))
#14 /var/www/yii/framework/web/filters/CFilterChain.php(130): CInlineFilter->filter(Object(CFilterChain))
#15 /var/www/yii/framework/web/CController.php(291): CFilterChain->run()
#16 /var/www/yii/framework/web/CController.php(265): CController->runActionWithFilters(Object(CInlineAction), Array)
#17 /var/www/yii/framework/web/CWebApplication.php(282): CController->run('gallery')
#18 /var/www/yii/framework/web/CWebApplication.php(141): CWebApplication->runController('users/gallery')
#19 /var/www/yii/framework/base/CApplication.php(169): CWebApplication->processRequest()
#20 /var/www/gallery_app/index.php(13): CApplication->run()
#21 {main}
REQUEST_URI=/gallery_app/index.php/users/gallery/2
---
2013/09/17 16:56:15 [error] [exception.CException] exception 'CException' with message 'Property "CDbCommand.pagination" is not defined.' in /var/www/yii/framework/base/CComponent.php:173
Stack trace:
#0 /var/www/yii/framework/db/CDbCommand.php(106): CComponent->__set('pagination', Array)
#1 /var/www/yii/framework/db/CDbConnection.php(470): CDbCommand->__construct(Object(CDbConnection), Array)
#2 /var/www/gallery_app/protected/controllers/UsersController.php(84): CDbConnection->createCommand(Array)
#3 /var/www/yii/framework/web/actions/CInlineAction.php(49): UsersController->actionGallery()
#4 /var/www/yii/framework/web/CController.php(308): CInlineAction->runWithParams(Array)
#5 /var/www/yii/framework/web/filters/CFilterChain.php(133): CController->runAction(Object(CInlineAction))
#6 /var/www/yii/framework/web/filters/CFilter.php(40): CFilterChain->run()
#7 /var/www/yii/framework/web/CController.php(1145): CFilter->filter(Object(CFilterChain))
#8 /var/www/yii/framework/web/filters/CInlineFilter.php(58): CController->filterAccessControl(Object(CFilterChain))
#9 /var/www/yii/framework/web/filters/CFilterChain.php(130): CInlineFilter->filter(Object(CFilterChain))
#10 /var/www/yii/framework/web/CController.php(291): CFilterChain->run()
#11 /var/www/yii/framework/web/CController.php(265): CController->runActionWithFilters(Object(CInlineAction), Array)
#12 /var/www/yii/framework/web/CWebApplication.php(282): CController->run('gallery')
#13 /var/www/yii/framework/web/CWebApplication.php(141): CWebApplication->runController('users/gallery')
#14 /var/www/yii/framework/base/CApplication.php(169): CWebApplication->processRequest()
#15 /var/www/gallery_app/index.php(13): CApplication->run()
#16 {main}
REQUEST_URI=/gallery_app/index.php/users/gallery/1
---
2013/09/17 17:31:30 [error] [exception.CException] exception 'CException' with message 'Property "CDbCommand.0" is not defined.' in /var/www/yii/framework/base/CComponent.php:173
Stack trace:
#0 /var/www/yii/framework/db/CDbCommand.php(106): CComponent->__set('0', 0)
#1 /var/www/yii/framework/db/CDbConnection.php(470): CDbCommand->__construct(Object(CDbConnection), Array)
#2 /var/www/gallery_app/protected/controllers/UsersController.php(85): CDbConnection->createCommand(Array)
#3 /var/www/yii/framework/web/actions/CInlineAction.php(49): UsersController->actionGallery()
#4 /var/www/yii/framework/web/CController.php(308): CInlineAction->runWithParams(Array)
#5 /var/www/yii/framework/web/filters/CFilterChain.php(133): CController->runAction(Object(CInlineAction))
#6 /var/www/yii/framework/web/filters/CFilter.php(40): CFilterChain->run()
#7 /var/www/yii/framework/web/CController.php(1145): CFilter->filter(Object(CFilterChain))
#8 /var/www/yii/framework/web/filters/CInlineFilter.php(58): CController->filterAccessControl(Object(CFilterChain))
#9 /var/www/yii/framework/web/filters/CFilterChain.php(130): CInlineFilter->filter(Object(CFilterChain))
#10 /var/www/yii/framework/web/CController.php(291): CFilterChain->run()
#11 /var/www/yii/framework/web/CController.php(265): CController->runActionWithFilters(Object(CInlineAction), Array)
#12 /var/www/yii/framework/web/CWebApplication.php(282): CController->run('gallery')
#13 /var/www/yii/framework/web/CWebApplication.php(141): CWebApplication->runController('users/gallery')
#14 /var/www/yii/framework/base/CApplication.php(169): CWebApplication->processRequest()
#15 /var/www/gallery_app/index.php(13): CApplication->run()
#16 {main}
REQUEST_URI=/gallery_app/index.php/users/gallery/1
---
2013/09/17 17:33:21 [error] [exception.CException] exception 'CException' with message 'Property "CDbCommand.0" is not defined.' in /var/www/yii/framework/base/CComponent.php:173
Stack trace:
#0 /var/www/yii/framework/db/CDbCommand.php(106): CComponent->__set('0', 0)
#1 /var/www/yii/framework/db/CDbConnection.php(470): CDbCommand->__construct(Object(CDbConnection), Array)
#2 /var/www/gallery_app/protected/controllers/UsersController.php(85): CDbConnection->createCommand(Array)
#3 /var/www/yii/framework/web/actions/CInlineAction.php(49): UsersController->actionGallery()
#4 /var/www/yii/framework/web/CController.php(308): CInlineAction->runWithParams(Array)
#5 /var/www/yii/framework/web/filters/CFilterChain.php(133): CController->runAction(Object(CInlineAction))
#6 /var/www/yii/framework/web/filters/CFilter.php(40): CFilterChain->run()
#7 /var/www/yii/framework/web/CController.php(1145): CFilter->filter(Object(CFilterChain))
#8 /var/www/yii/framework/web/filters/CInlineFilter.php(58): CController->filterAccessControl(Object(CFilterChain))
#9 /var/www/yii/framework/web/filters/CFilterChain.php(130): CInlineFilter->filter(Object(CFilterChain))
#10 /var/www/yii/framework/web/CController.php(291): CFilterChain->run()
#11 /var/www/yii/framework/web/CController.php(265): CController->runActionWithFilters(Object(CInlineAction), Array)
#12 /var/www/yii/framework/web/CWebApplication.php(282): CController->run('gallery')
#13 /var/www/yii/framework/web/CWebApplication.php(141): CWebApplication->runController('users/gallery')
#14 /var/www/yii/framework/base/CApplication.php(169): CWebApplication->processRequest()
#15 /var/www/gallery_app/index.php(13): CApplication->run()
#16 {main}
REQUEST_URI=/gallery_app/index.php/users/gallery/1
---
2013/09/17 17:35:38 [error] [exception.CException] exception 'CException' with message 'Property "CDbCommand.0" is not defined.' in /var/www/yii/framework/base/CComponent.php:173
Stack trace:
#0 /var/www/yii/framework/db/CDbCommand.php(106): CComponent->__set('0', 0)
#1 /var/www/yii/framework/db/CDbConnection.php(470): CDbCommand->__construct(Object(CDbConnection), Array)
#2 /var/www/gallery_app/protected/controllers/UsersController.php(85): CDbConnection->createCommand(Array)
#3 /var/www/yii/framework/web/actions/CInlineAction.php(49): UsersController->actionGallery()
#4 /var/www/yii/framework/web/CController.php(308): CInlineAction->runWithParams(Array)
#5 /var/www/yii/framework/web/filters/CFilterChain.php(133): CController->runAction(Object(CInlineAction))
#6 /var/www/yii/framework/web/filters/CFilter.php(40): CFilterChain->run()
#7 /var/www/yii/framework/web/CController.php(1145): CFilter->filter(Object(CFilterChain))
#8 /var/www/yii/framework/web/filters/CInlineFilter.php(58): CController->filterAccessControl(Object(CFilterChain))
#9 /var/www/yii/framework/web/filters/CFilterChain.php(130): CInlineFilter->filter(Object(CFilterChain))
#10 /var/www/yii/framework/web/CController.php(291): CFilterChain->run()
#11 /var/www/yii/framework/web/CController.php(265): CController->runActionWithFilters(Object(CInlineAction), Array)
#12 /var/www/yii/framework/web/CWebApplication.php(282): CController->run('gallery')
#13 /var/www/yii/framework/web/CWebApplication.php(141): CWebApplication->runController('users/gallery')
#14 /var/www/yii/framework/base/CApplication.php(169): CWebApplication->processRequest()
#15 /var/www/gallery_app/index.php(13): CApplication->run()
#16 {main}
REQUEST_URI=/gallery_app/index.php/users/gallery/1
---
2013/09/17 17:35:50 [error] [php] Undefined variable: page (/var/www/gallery_app/protected/controllers/UsersController.php:84)
Stack trace:
#0 /var/www/yii/framework/web/filters/CFilterChain.php(133): UsersController->runAction()
#1 /var/www/yii/framework/web/filters/CFilter.php(40): CFilterChain->run()
#2 /var/www/yii/framework/web/CController.php(1145): CAccessControlFilter->filter()
#3 /var/www/yii/framework/web/filters/CInlineFilter.php(58): UsersController->filterAccessControl()
#4 /var/www/yii/framework/web/filters/CFilterChain.php(130): CInlineFilter->filter()
#5 /var/www/yii/framework/web/CController.php(291): CFilterChain->run()
#6 /var/www/yii/framework/web/CController.php(265): UsersController->runActionWithFilters()
#7 /var/www/yii/framework/web/CWebApplication.php(282): UsersController->run()
#8 /var/www/yii/framework/web/CWebApplication.php(141): CWebApplication->runController()
#9 /var/www/yii/framework/base/CApplication.php(169): CWebApplication->processRequest()
#10 /var/www/gallery_app/index.php(13): CWebApplication->run()
REQUEST_URI=/gallery_app/index.php/users/gallery/1
in /var/www/gallery_app/protected/controllers/UsersController.php (84)
in /var/www/gallery_app/index.php (13)
2013/09/17 17:36:11 [error] [php] Undefined variable: page (/var/www/gallery_app/protected/controllers/UsersController.php:84)
Stack trace:
#0 /var/www/yii/framework/web/filters/CFilterChain.php(133): UsersController->runAction()
#1 /var/www/yii/framework/web/filters/CFilter.php(40): CFilterChain->run()
#2 /var/www/yii/framework/web/CController.php(1145): CAccessControlFilter->filter()
#3 /var/www/yii/framework/web/filters/CInlineFilter.php(58): UsersController->filterAccessControl()
#4 /var/www/yii/framework/web/filters/CFilterChain.php(130): CInlineFilter->filter()
#5 /var/www/yii/framework/web/CController.php(291): CFilterChain->run()
#6 /var/www/yii/framework/web/CController.php(265): UsersController->runActionWithFilters()
#7 /var/www/yii/framework/web/CWebApplication.php(282): UsersController->run()
#8 /var/www/yii/framework/web/CWebApplication.php(141): CWebApplication->runController()
#9 /var/www/yii/framework/base/CApplication.php(169): CWebApplication->processRequest()
#10 /var/www/gallery_app/index.php(13): CWebApplication->run()
REQUEST_URI=/gallery_app/index.php/users/gallery/1
in /var/www/gallery_app/protected/controllers/UsersController.php (84)
in /var/www/gallery_app/index.php (13)
